<?xml version="1.0" encoding="UTF-8"?>
<testng-results ignored="0" total="4" passed="4" failed="0" skipped="0">
  <reporter-output>
  </reporter-output>
  <suite started-at="2023-03-02T23:44:39 ICT" name="Suite" finished-at="2023-03-02T23:44:43 ICT" duration-ms="3917">
    <groups>
    </groups>
    <test started-at="2023-03-02T23:44:39 ICT" name="login" finished-at="2023-03-02T23:44:42 ICT" duration-ms="3340">
      <class name="com.api.automation.testcase.API_Login">
        <test-method is-config="true" signature="init()[pri:0, instance:com.api.automation.testcase.API_Login@3b6ddd1d]" started-at="2023-03-02T23:44:39 ICT" name="init" finished-at="2023-03-02T23:44:40 ICT" duration-ms="917" status="PASS">
          <reporter-output>
          </reporter-output>
        </test-method> <!-- init -->
        <test-method is-config="true" signature="setRequest()[pri:0, instance:com.api.automation.testcase.API_Login@3b6ddd1d]" started-at="2023-03-02T23:44:40 ICT" name="setRequest" finished-at="2023-03-02T23:44:41 ICT" duration-ms="1619" status="PASS">
          <reporter-output>
          </reporter-output>
        </test-method> <!-- setRequest -->
        <test-method signature="checkLoginResponse()[pri:0, instance:com.api.automation.testcase.API_Login@3b6ddd1d]" started-at="2023-03-02T23:44:41 ICT" name="checkLoginResponse" finished-at="2023-03-02T23:44:42 ICT" duration-ms="762" status="PASS">
          <reporter-output>
          </reporter-output>
        </test-method> <!-- checkLoginResponse -->
      </class> <!-- com.api.automation.testcase.API_Login -->
    </test> <!-- login -->
    <test started-at="2023-03-02T23:44:42 ICT" name="info" finished-at="2023-03-02T23:44:42 ICT" duration-ms="150">
      <class name="com.api.automation.testcase.API_UserInformation">
        <test-method is-config="true" signature="init()[pri:0, instance:com.api.automation.testcase.API_UserInformation@3e11f9e9]" started-at="2023-03-02T23:44:42 ICT" name="init" finished-at="2023-03-02T23:44:42 ICT" duration-ms="1" status="PASS">
          <reporter-output>
          </reporter-output>
        </test-method> <!-- init -->
        <test-method is-config="true" signature="setRequest()[pri:0, instance:com.api.automation.testcase.API_UserInformation@3e11f9e9]" started-at="2023-03-02T23:44:42 ICT" name="setRequest" finished-at="2023-03-02T23:44:42 ICT" duration-ms="135" status="PASS">
          <reporter-output>
          </reporter-output>
        </test-method> <!-- setRequest -->
        <test-method signature="Response()[pri:0, instance:com.api.automation.testcase.API_UserInformation@3e11f9e9]" started-at="2023-03-02T23:44:42 ICT" name="Response" finished-at="2023-03-02T23:44:42 ICT" duration-ms="9" status="PASS">
          <reporter-output>
          </reporter-output>
        </test-method> <!-- Response -->
      </class> <!-- com.api.automation.testcase.API_UserInformation -->
    </test> <!-- info -->
    <test started-at="2023-03-02T23:44:42 ICT" name="create work" finished-at="2023-03-02T23:44:43 ICT" duration-ms="268">
      <class name="com.api.automation.testcase.API_CreateWork">
        <test-method is-config="true" signature="init()[pri:0, instance:com.api.automation.testcase.API_CreateWork@4dbb42b7]" started-at="2023-03-02T23:44:42 ICT" name="init" finished-at="2023-03-02T23:44:42 ICT" duration-ms="3" status="PASS">
          <reporter-output>
          </reporter-output>
        </test-method> <!-- init -->
        <test-method is-config="true" signature="setRequest()[pri:0, instance:com.api.automation.testcase.API_CreateWork@4dbb42b7]" started-at="2023-03-02T23:44:42 ICT" name="setRequest" finished-at="2023-03-02T23:44:42 ICT" duration-ms="190" status="PASS">
          <reporter-output>
          </reporter-output>
        </test-method> <!-- setRequest -->
        <test-method signature="CreateWorkResponse()[pri:0, instance:com.api.automation.testcase.API_CreateWork@4dbb42b7]" started-at="2023-03-02T23:44:42 ICT" name="CreateWorkResponse" finished-at="2023-03-02T23:44:43 ICT" duration-ms="73" status="PASS">
          <reporter-output>
          </reporter-output>
        </test-method> <!-- CreateWorkResponse -->
      </class> <!-- com.api.automation.testcase.API_CreateWork -->
    </test> <!-- create work -->
    <test started-at="2023-03-02T23:44:43 ICT" name="Create Application" finished-at="2023-03-02T23:44:43 ICT" duration-ms="112">
      <class name="com.api.automation.testcase.API_CreateApplication">
        <test-method is-config="true" signature="init()[pri:0, instance:com.api.automation.testcase.API_CreateApplication@437da279]" started-at="2023-03-02T23:44:43 ICT" name="init" finished-at="2023-03-02T23:44:43 ICT" duration-ms="1" status="PASS">
          <reporter-output>
          </reporter-output>
        </test-method> <!-- init -->
        <test-method is-config="true" signature="setRequest()[pri:0, instance:com.api.automation.testcase.API_CreateApplication@437da279]" started-at="2023-03-02T23:44:43 ICT" name="setRequest" finished-at="2023-03-02T23:44:43 ICT" duration-ms="98" status="PASS">
          <reporter-output>
          </reporter-output>
        </test-method> <!-- setRequest -->
        <test-method signature="Response()[pri:0, instance:com.api.automation.testcase.API_CreateApplication@437da279]" started-at="2023-03-02T23:44:43 ICT" name="Response" finished-at="2023-03-02T23:44:43 ICT" duration-ms="12" status="PASS">
          <reporter-output>
          </reporter-output>
        </test-method> <!-- Response -->
      </class> <!-- com.api.automation.testcase.API_CreateApplication -->
    </test> <!-- Create Application -->
  </suite> <!-- Suite -->
</testng-results>
